<?xml version="1.0" encoding="UTF-8"?>
<!-- Generated by org.testng.reporters.JUnitReportReporter -->
<testsuite skipped="0" hostname="DESKTOP-0T6PBGL" name="com.teamfortune.TestRunner.TestRunnerTF$TestRunner" tests="3" failures="0" timestamp="21 May 2022 08:49:26 GMT" time="30.202" errors="0">
  <testcase name="feature" time="0.000" classname="com.teamfortune.TestRunner.TestRunnerTF$TestRunner"/>
  <testcase name="feature" time="19.217" classname="com.teamfortune.TestRunner.TestRunnerTF$TestRunner"/>
  <testcase name="feature" time="10.985" classname="com.teamfortune.TestRunner.TestRunnerTF$TestRunner"/>
</testsuite> <!-- com.teamfortune.TestRunner.TestRunnerTF$TestRunner -->
